# JRE version: Java(TM) SE Runtime Environment (21.0.1+12) (build 21.0.1+12-LTS-29)
# Java VM: Java HotSpot(TM) 64-Bit Server VM (21.0.1+12-LTS-29, mixed mode, sharing, tiered, compressed oops, compressed class ptrs, g1 gc, windows-amd64)
GC Precious Log:
 CardTable entry size: 512
 Card Set container configuration: InlinePtr #cards 5 size 8 Array Of Cards #cards 12 size 40 Howl #buckets 4 coarsen threshold 1843 Howl Bitmap #cards 512 size 80 coarsen threshold 460 Card regions per heap region 1 cards per card region 2048
 CPUs: 4 total, 4 available
 Memory: 6117M
 Large Page Support: Disabled
 NUMA Support: Disabled
 Compressed Oops: Enabled (32-bit)
 Heap Region Size: 1M
 Heap Min Capacity: 8M
 Heap Initial Capacity: 96M
 Heap Max Capacity: 1530M
 Pre-touch: Disabled
 Parallel Workers: 4
 Concurrent Workers: 1
 Concurrent Refinement Workers: 4
 Periodic GC: Disabled
Heap:
 garbage-first heap   total 66560K, used 33295K [0x00000000a0600000, 0x0000000100000000)
  region size 1024K, 7 young (7168K), 3 survivors (3072K)
 Metaspace       used 58946K, committed 59648K, reserved 1114112K
  class space    used 7543K, committed 7872K, reserved 1048576K
GC Heap History (20 events):
Event: 7.862 GC heap after
{Heap after GC invocations=8 (full 0):
 garbage-first heap   total 55296K, used 20082K [0x00000000a0600000, 0x0000000100000000)
  region size 1024K, 2 young (2048K), 2 survivors (2048K)
 Metaspace       used 35418K, committed 35968K, reserved 1114112K
  class space    used 4577K, committed 4864K, reserved 1048576K
}
Event: 9.773 GC heap before
{Heap before GC invocations=9 (full 0):
 garbage-first heap   total 55296K, used 44658K [0x00000000a0600000, 0x0000000100000000)
  region size 1024K, 27 young (27648K), 2 survivors (2048K)
 Metaspace       used 46348K, committed 46912K, reserved 1114112K
  class space    used 5958K, committed 6208K, reserved 1048576K
}
Event: 9.782 GC heap after
{Heap after GC invocations=10 (full 0):
 garbage-first heap   total 55296K, used 22696K [0x00000000a0600000, 0x0000000100000000)
  region size 1024K, 4 young (4096K), 4 survivors (4096K)
 Metaspace       used 46348K, committed 46912K, reserved 1114112K
  class space    used 5958K, committed 6208K, reserved 1048576K
}
Event: 10.675 GC heap before
{Heap before GC invocations=10 (full 0):
 garbage-first heap   total 55296K, used 46248K [0x00000000a0600000, 0x0000000100000000)
  region size 1024K, 27 young (27648K), 4 survivors (4096K)
 Metaspace       used 52228K, committed 52800K, reserved 1114112K
  class space    used 6789K, committed 7040K, reserved 1048576K
}
Event: 10.692 GC heap after
{Heap after GC invocations=11 (full 0):
 garbage-first heap   total 55296K, used 24244K [0x00000000a0600000, 0x0000000100000000)
  region size 1024K, 2 young (2048K), 2 survivors (2048K)
 Metaspace       used 52228K, committed 52800K, reserved 1114112K
  class space    used 6789K, committed 7040K, reserved 1048576K
}
Event: 11.760 GC heap before
{Heap before GC invocations=11 (full 0):
 garbage-first heap   total 55296K, used 47796K [0x00000000a0600000, 0x0000000100000000)
  region size 1024K, 25 young (25600K), 2 survivors (2048K)
 Metaspace       used 55839K, committed 56448K, reserved 1114112K
  class space    used 7287K, committed 7552K, reserved 1048576K
}
Event: 11.771 GC heap after
{Heap after GC invocations=12 (full 0):
 garbage-first heap   total 66560K, used 27151K [0x00000000a0600000, 0x0000000100000000)
  region size 1024K, 4 young (4096K), 4 survivors (4096K)
 Metaspace       used 55839K, committed 56448K, reserved 1114112K
  class space    used 7287K, committed 7552K, reserved 1048576K
}
Event: 441.732 GC heap before
{Heap before GC invocations=12 (full 0):
 garbage-first heap   total 66560K, used 46607K [0x00000000a0600000, 0x0000000100000000)
  region size 1024K, 24 young (24576K), 4 survivors (4096K)
 Metaspace       used 57903K, committed 58688K, reserved 1114112K
  class space    used 7522K, committed 7872K, reserved 1048576K
}
Event: 441.792 GC heap after
{Heap after GC invocations=13 (full 1):
 garbage-first heap   total 66560K, used 23419K [0x00000000a0600000, 0x0000000100000000)
  region size 1024K, 0 young (0K), 0 survivors (0K)
 Metaspace       used 57903K, committed 58688K, reserved 1114112K
  class space    used 7522K, committed 7872K, reserved 1048576K
}
Event: 442.780 GC heap before
{Heap before GC invocations=13 (full 1):
 garbage-first heap   total 66560K, used 55163K [0x00000000a0600000, 0x0000000100000000)
  region size 1024K, 31 young (31744K), 0 survivors (0K)
 Metaspace       used 58042K, committed 58816K, reserved 1114112K
  class space    used 7525K, committed 7872K, reserved 1048576K
}
Event: 442.785 GC heap after
{Heap after GC invocations=14 (full 1):
 garbage-first heap   total 66560K, used 26491K [0x00000000a0600000, 0x0000000100000000)
  region size 1024K, 3 young (3072K), 3 survivors (3072K)
 Metaspace       used 58042K, committed 58816K, reserved 1114112K
  class space    used 7525K, committed 7872K, reserved 1048576K
}
Event: 443.583 GC heap before
{Heap before GC invocations=14 (full 1):
 garbage-first heap   total 66560K, used 56187K [0x00000000a0600000, 0x0000000100000000)
  region size 1024K, 32 young (32768K), 3 survivors (3072K)
 Metaspace       used 58490K, committed 59264K, reserved 1114112K
  class space    used 7532K, committed 7872K, reserved 1048576K
}
Event: 443.594 GC heap after
{Heap after GC invocations=15 (full 1):
 garbage-first heap   total 66560K, used 29186K [0x00000000a0600000, 0x0000000100000000)
  region size 1024K, 3 young (3072K), 3 survivors (3072K)
 Metaspace       used 58490K, committed 59264K, reserved 1114112K
  class space    used 7532K, committed 7872K, reserved 1048576K
}
Event: 677.890 GC heap before
{Heap before GC invocations=15 (full 1):
 garbage-first heap   total 66560K, used 33282K [0x00000000a0600000, 0x0000000100000000)
  region size 1024K, 8 young (8192K), 3 survivors (3072K)
 Metaspace       used 58553K, committed 59328K, reserved 1114112K
  class space    used 7534K, committed 7872K, reserved 1048576K
}
Event: 677.948 GC heap after
{Heap after GC invocations=16 (full 2):
 garbage-first heap   total 66560K, used 23672K [0x00000000a0600000, 0x0000000100000000)
  region size 1024K, 0 young (0K), 0 survivors (0K)
 Metaspace       used 58550K, committed 59328K, reserved 1114112K
  class space    used 7533K, committed 7872K, reserved 1048576K
}
Event: 678.903 GC heap before
{Heap before GC invocations=16 (full 2):
 garbage-first heap   total 66560K, used 54392K [0x00000000a0600000, 0x0000000100000000)
  region size 1024K, 31 young (31744K), 0 survivors (0K)
 Metaspace       used 58691K, committed 59456K, reserved 1114112K
  class space    used 7535K, committed 7872K, reserved 1048576K
}
Event: 678.908 GC heap after
{Heap after GC invocations=17 (full 2):
 garbage-first heap   total 66560K, used 26744K [0x00000000a0600000, 0x0000000100000000)
  region size 1024K, 3 young (3072K), 3 survivors (3072K)
 Metaspace       used 58691K, committed 59456K, reserved 1114112K
  class space    used 7535K, committed 7872K, reserved 1048576K
}
Event: 679.536 GC heap before
{Heap before GC invocations=17 (full 2):
 garbage-first heap   total 66560K, used 56440K [0x00000000a0600000, 0x0000000100000000)
  region size 1024K, 32 young (32768K), 3 survivors (3072K)
 Metaspace       used 58936K, committed 59648K, reserved 1114112K
  class space    used 7542K, committed 7872K, reserved 1048576K
}
Event: 679.546 GC heap after
{Heap after GC invocations=18 (full 2):
 garbage-first heap   total 66560K, used 29539K [0x00000000a0600000, 0x0000000100000000)
  region size 1024K, 3 young (3072K), 3 survivors (3072K)
 Metaspace       used 58936K, committed 59648K, reserved 1114112K
  class space    used 7542K, committed 7872K, reserved 1048576K
}
Event: 742.593 GC heap before
{Heap before GC invocations=18 (full 2):
 garbage-first heap   total 66560K, used 32611K [0x00000000a0600000, 0x0000000100000000)
  region size 1024K, 7 young (7168K), 3 survivors (3072K)
 Metaspace       used 58946K, committed 59648K, reserved 1114112K
  class space    used 7543K, committed 7872K, reserved 1048576K
}

